 INFO [main] (TestContextManager.java:185) - @TestExecutionListeners is not present for class [class ru.retbansk.utils.scheduled.impl.ReadEmailAndConvertToXmlSpringImplTest]: using defaults.
 INFO [main] (AbstractApplicationContext.java:500) - Refreshing org.springframework.context.support.ClassPathXmlApplicationContext@a316ad: startup date [Thu Oct 25 01:01:02 MSK 2012]; root of context hierarchy
 INFO [main] (XmlBeanDefinitionReader.java:315) - Loading XML bean definitions from class path resource [applicationContext.xml]
 INFO [main] (DefaultListableBeanFactory.java:581) - Pre-instantiating singletons in org.springframework.beans.factory.support.DefaultListableBeanFactory@12a3e06: defining beans [org.springframework.context.annotation.internalConfigurationAnnotationProcessor,org.springframework.context.annotation.internalAutowiredAnnotationProcessor,org.springframework.context.annotation.internalRequiredAnnotationProcessor,org.springframework.context.annotation.internalCommonAnnotationProcessor,marshaller,jaxb2Marshaller,org.springframework.context.annotation.ConfigurationClassPostProcessor$ImportAwareBeanPostProcessor#0]; root of factory hierarchy
 INFO [main] (Jaxb2Marshaller.java:436) - Creating JAXBContext with classes to be bound [class ru.retbansk.mail.domain.DayReport,class ru.retbansk.mail.domain.TaskReport]
 INFO [main] (XmlBeanDefinitionReader.java:315) - Loading XML bean definitions from class path resource [applicationContext.xml]
 INFO [main] (AbstractApplicationContext.java:500) - Refreshing org.springframework.context.support.GenericApplicationContext@16728ec: startup date [Thu Oct 25 01:01:04 MSK 2012]; root of context hierarchy
 INFO [main] (DefaultListableBeanFactory.java:581) - Pre-instantiating singletons in org.springframework.beans.factory.support.DefaultListableBeanFactory@1cd84e: defining beans [org.springframework.context.annotation.internalConfigurationAnnotationProcessor,org.springframework.context.annotation.internalAutowiredAnnotationProcessor,org.springframework.context.annotation.internalRequiredAnnotationProcessor,org.springframework.context.annotation.internalCommonAnnotationProcessor,marshaller,jaxb2Marshaller,org.springframework.context.annotation.ConfigurationClassPostProcessor$ImportAwareBeanPostProcessor#0]; root of factory hierarchy
 INFO [main] (Jaxb2Marshaller.java:436) - Creating JAXBContext with classes to be bound [class ru.retbansk.mail.domain.DayReport,class ru.retbansk.mail.domain.TaskReport]
 INFO [main] (ReadEmailAndConvertToXmlSpringImpl.java:204) - Report created - C:/XmlReports/tr-legres@rambler.ru/report.from.18.10.12.xml
 INFO [main] (ReadEmailAndConvertToXmlSpringImpl.java:204) - Report created - C:/XmlReports/kirill.iliashovitch@yandex.ru/report.from.25.10.12.xml
 INFO [Thread-1] (AbstractApplicationContext.java:1025) - Closing org.springframework.context.support.GenericApplicationContext@16728ec: startup date [Thu Oct 25 01:01:04 MSK 2012]; root of context hierarchy
 INFO [Thread-1] (DefaultSingletonBeanRegistry.java:433) - Destroying singletons in org.springframework.beans.factory.support.DefaultListableBeanFactory@1cd84e: defining beans [org.springframework.context.annotation.internalConfigurationAnnotationProcessor,org.springframework.context.annotation.internalAutowiredAnnotationProcessor,org.springframework.context.annotation.internalRequiredAnnotationProcessor,org.springframework.context.annotation.internalCommonAnnotationProcessor,marshaller,jaxb2Marshaller,org.springframework.context.annotation.ConfigurationClassPostProcessor$ImportAwareBeanPostProcessor#0]; root of factory hierarchy
 INFO [main] (TestContextManager.java:185) - @TestExecutionListeners is not present for class [class ru.retbansk.utils.scheduled.impl.ReadEmailAndConvertToXmlSpringImplTest]: using defaults.
 INFO [main] (AbstractApplicationContext.java:500) - Refreshing org.springframework.context.support.ClassPathXmlApplicationContext@a316ad: startup date [Thu Oct 25 01:01:51 MSK 2012]; root of context hierarchy
 INFO [main] (XmlBeanDefinitionReader.java:315) - Loading XML bean definitions from class path resource [applicationContext.xml]
 INFO [main] (DefaultListableBeanFactory.java:581) - Pre-instantiating singletons in org.springframework.beans.factory.support.DefaultListableBeanFactory@78e59b: defining beans [org.springframework.context.annotation.internalConfigurationAnnotationProcessor,org.springframework.context.annotation.internalAutowiredAnnotationProcessor,org.springframework.context.annotation.internalRequiredAnnotationProcessor,org.springframework.context.annotation.internalCommonAnnotationProcessor,marshaller,jaxb2Marshaller,org.springframework.context.annotation.ConfigurationClassPostProcessor$ImportAwareBeanPostProcessor#0]; root of factory hierarchy
 INFO [main] (Jaxb2Marshaller.java:436) - Creating JAXBContext with classes to be bound [class ru.retbansk.mail.domain.DayReport,class ru.retbansk.mail.domain.TaskReport]
 INFO [main] (XmlBeanDefinitionReader.java:315) - Loading XML bean definitions from class path resource [applicationContext.xml]
 INFO [main] (AbstractApplicationContext.java:500) - Refreshing org.springframework.context.support.GenericApplicationContext@1433567: startup date [Thu Oct 25 01:01:52 MSK 2012]; root of context hierarchy
 INFO [main] (DefaultListableBeanFactory.java:581) - Pre-instantiating singletons in org.springframework.beans.factory.support.DefaultListableBeanFactory@e95a23: defining beans [org.springframework.context.annotation.internalConfigurationAnnotationProcessor,org.springframework.context.annotation.internalAutowiredAnnotationProcessor,org.springframework.context.annotation.internalRequiredAnnotationProcessor,org.springframework.context.annotation.internalCommonAnnotationProcessor,marshaller,jaxb2Marshaller,org.springframework.context.annotation.ConfigurationClassPostProcessor$ImportAwareBeanPostProcessor#0]; root of factory hierarchy
 INFO [main] (Jaxb2Marshaller.java:436) - Creating JAXBContext with classes to be bound [class ru.retbansk.mail.domain.DayReport,class ru.retbansk.mail.domain.TaskReport]
 INFO [main] (ReadEmailAndConvertToXmlSpringImpl.java:204) - Report created - C:/XmlReports/tr-legres@rambler.ru/report.from.18.10.12.xml
 INFO [main] (ReadEmailAndConvertToXmlSpringImpl.java:204) - Report created - C:/XmlReports/kirill.iliashovitch@yandex.ru/report.from.25.10.12.xml
 INFO [Thread-1] (AbstractApplicationContext.java:1025) - Closing org.springframework.context.support.GenericApplicationContext@1433567: startup date [Thu Oct 25 01:01:52 MSK 2012]; root of context hierarchy
 INFO [Thread-1] (DefaultSingletonBeanRegistry.java:433) - Destroying singletons in org.springframework.beans.factory.support.DefaultListableBeanFactory@e95a23: defining beans [org.springframework.context.annotation.internalConfigurationAnnotationProcessor,org.springframework.context.annotation.internalAutowiredAnnotationProcessor,org.springframework.context.annotation.internalRequiredAnnotationProcessor,org.springframework.context.annotation.internalCommonAnnotationProcessor,marshaller,jaxb2Marshaller,org.springframework.context.annotation.ConfigurationClassPostProcessor$ImportAwareBeanPostProcessor#0]; root of factory hierarchy
 INFO [main] (TestContextManager.java:185) - @TestExecutionListeners is not present for class [class ru.retbansk.utils.scheduled.impl.ReadEmailAndConvertToXmlSpringImplTest]: using defaults.
 INFO [main] (AbstractApplicationContext.java:500) - Refreshing org.springframework.context.support.ClassPathXmlApplicationContext@a316ad: startup date [Thu Oct 25 01:21:58 MSK 2012]; root of context hierarchy
 INFO [main] (XmlBeanDefinitionReader.java:315) - Loading XML bean definitions from class path resource [applicationContext.xml]
 INFO [main] (DefaultListableBeanFactory.java:581) - Pre-instantiating singletons in org.springframework.beans.factory.support.DefaultListableBeanFactory@78e59b: defining beans [org.springframework.context.annotation.internalConfigurationAnnotationProcessor,org.springframework.context.annotation.internalAutowiredAnnotationProcessor,org.springframework.context.annotation.internalRequiredAnnotationProcessor,org.springframework.context.annotation.internalCommonAnnotationProcessor,marshaller,jaxb2Marshaller,org.springframework.context.annotation.ConfigurationClassPostProcessor$ImportAwareBeanPostProcessor#0]; root of factory hierarchy
 INFO [main] (Jaxb2Marshaller.java:436) - Creating JAXBContext with classes to be bound [class ru.retbansk.mail.domain.DayReport,class ru.retbansk.mail.domain.TaskReport]
 INFO [main] (XmlBeanDefinitionReader.java:315) - Loading XML bean definitions from class path resource [applicationContext.xml]
 INFO [main] (AbstractApplicationContext.java:500) - Refreshing org.springframework.context.support.GenericApplicationContext@1507e9: startup date [Thu Oct 25 01:21:59 MSK 2012]; root of context hierarchy
 INFO [main] (DefaultListableBeanFactory.java:581) - Pre-instantiating singletons in org.springframework.beans.factory.support.DefaultListableBeanFactory@172b8dd: defining beans [org.springframework.context.annotation.internalConfigurationAnnotationProcessor,org.springframework.context.annotation.internalAutowiredAnnotationProcessor,org.springframework.context.annotation.internalRequiredAnnotationProcessor,org.springframework.context.annotation.internalCommonAnnotationProcessor,marshaller,jaxb2Marshaller,org.springframework.context.annotation.ConfigurationClassPostProcessor$ImportAwareBeanPostProcessor#0]; root of factory hierarchy
 INFO [main] (Jaxb2Marshaller.java:436) - Creating JAXBContext with classes to be bound [class ru.retbansk.mail.domain.DayReport,class ru.retbansk.mail.domain.TaskReport]
 INFO [main] (ReadEmailAndConvertToXmlSpringImpl.java:204) - Report created - C:/XmlReports/tr-legres@rambler.ru/report.from.18.10.12.xml
 INFO [main] (ReadEmailAndConvertToXmlSpringImpl.java:204) - Report created - C:/XmlReports/kirill.iliashovitch@yandex.ru/report.from.25.10.12.xml
 INFO [main] (ReadEmailAndConvertToXmlSpringImpl.java:204) - Report created - C:/XmlReports/tr-legres@rambler.ru/report.from.24.10.12.xml
 INFO [Thread-1] (AbstractApplicationContext.java:1025) - Closing org.springframework.context.support.GenericApplicationContext@1507e9: startup date [Thu Oct 25 01:21:59 MSK 2012]; root of context hierarchy
 INFO [Thread-1] (DefaultSingletonBeanRegistry.java:433) - Destroying singletons in org.springframework.beans.factory.support.DefaultListableBeanFactory@172b8dd: defining beans [org.springframework.context.annotation.internalConfigurationAnnotationProcessor,org.springframework.context.annotation.internalAutowiredAnnotationProcessor,org.springframework.context.annotation.internalRequiredAnnotationProcessor,org.springframework.context.annotation.internalCommonAnnotationProcessor,marshaller,jaxb2Marshaller,org.springframework.context.annotation.ConfigurationClassPostProcessor$ImportAwareBeanPostProcessor#0]; root of factory hierarchy
 INFO [main] (TestContextManager.java:185) - @TestExecutionListeners is not present for class [class ru.retbansk.utils.scheduled.impl.ReadEmailAndConvertToXmlSpringImplTest]: using defaults.
 INFO [main] (AbstractApplicationContext.java:500) - Refreshing org.springframework.context.support.ClassPathXmlApplicationContext@a316ad: startup date [Thu Oct 25 01:26:44 MSK 2012]; root of context hierarchy
 INFO [main] (XmlBeanDefinitionReader.java:315) - Loading XML bean definitions from class path resource [applicationContext.xml]
 INFO [main] (DefaultListableBeanFactory.java:581) - Pre-instantiating singletons in org.springframework.beans.factory.support.DefaultListableBeanFactory@12a3e06: defining beans [org.springframework.context.annotation.internalConfigurationAnnotationProcessor,org.springframework.context.annotation.internalAutowiredAnnotationProcessor,org.springframework.context.annotation.internalRequiredAnnotationProcessor,org.springframework.context.annotation.internalCommonAnnotationProcessor,marshaller,jaxb2Marshaller,org.springframework.context.annotation.ConfigurationClassPostProcessor$ImportAwareBeanPostProcessor#0]; root of factory hierarchy
 INFO [main] (Jaxb2Marshaller.java:436) - Creating JAXBContext with classes to be bound [class ru.retbansk.mail.domain.DayReport,class ru.retbansk.mail.domain.TaskReport]
 INFO [main] (XmlBeanDefinitionReader.java:315) - Loading XML bean definitions from class path resource [applicationContext.xml]
 INFO [main] (AbstractApplicationContext.java:500) - Refreshing org.springframework.context.support.GenericApplicationContext@15a0b2f: startup date [Thu Oct 25 01:26:45 MSK 2012]; root of context hierarchy
 INFO [main] (DefaultListableBeanFactory.java:581) - Pre-instantiating singletons in org.springframework.beans.factory.support.DefaultListableBeanFactory@148d4ef: defining beans [org.springframework.context.annotation.internalConfigurationAnnotationProcessor,org.springframework.context.annotation.internalAutowiredAnnotationProcessor,org.springframework.context.annotation.internalRequiredAnnotationProcessor,org.springframework.context.annotation.internalCommonAnnotationProcessor,marshaller,jaxb2Marshaller,org.springframework.context.annotation.ConfigurationClassPostProcessor$ImportAwareBeanPostProcessor#0]; root of factory hierarchy
 INFO [main] (Jaxb2Marshaller.java:436) - Creating JAXBContext with classes to be bound [class ru.retbansk.mail.domain.DayReport,class ru.retbansk.mail.domain.TaskReport]
 INFO [main] (ReadEmailAndConvertToXmlSpringImpl.java:204) - Report created - C:/XmlReports/tr-legres@rambler.ru/report.from.18.10.12.xml
 INFO [main] (ReadEmailAndConvertToXmlSpringImpl.java:204) - Report created - C:/XmlReports/kirill.iliashovitch@yandex.ru/report.from.25.10.12.xml
 INFO [main] (ReadEmailAndConvertToXmlSpringImpl.java:204) - Report created - C:/XmlReports/tr-legres@rambler.ru/report.from.24.10.12.xml
 INFO [Thread-1] (AbstractApplicationContext.java:1025) - Closing org.springframework.context.support.GenericApplicationContext@15a0b2f: startup date [Thu Oct 25 01:26:45 MSK 2012]; root of context hierarchy
 INFO [Thread-1] (DefaultSingletonBeanRegistry.java:433) - Destroying singletons in org.springframework.beans.factory.support.DefaultListableBeanFactory@148d4ef: defining beans [org.springframework.context.annotation.internalConfigurationAnnotationProcessor,org.springframework.context.annotation.internalAutowiredAnnotationProcessor,org.springframework.context.annotation.internalRequiredAnnotationProcessor,org.springframework.context.annotation.internalCommonAnnotationProcessor,marshaller,jaxb2Marshaller,org.springframework.context.annotation.ConfigurationClassPostProcessor$ImportAwareBeanPostProcessor#0]; root of factory hierarchy
 INFO [main] (TestContextManager.java:185) - @TestExecutionListeners is not present for class [class ru.retbansk.utils.scheduled.impl.ReadEmailAndConvertToXmlSpringImplTest]: using defaults.
 INFO [main] (AbstractApplicationContext.java:500) - Refreshing org.springframework.context.support.ClassPathXmlApplicationContext@a316ad: startup date [Thu Oct 25 01:27:37 MSK 2012]; root of context hierarchy
 INFO [main] (XmlBeanDefinitionReader.java:315) - Loading XML bean definitions from class path resource [applicationContext.xml]
 INFO [main] (DefaultListableBeanFactory.java:581) - Pre-instantiating singletons in org.springframework.beans.factory.support.DefaultListableBeanFactory@12a3e06: defining beans [org.springframework.context.annotation.internalConfigurationAnnotationProcessor,org.springframework.context.annotation.internalAutowiredAnnotationProcessor,org.springframework.context.annotation.internalRequiredAnnotationProcessor,org.springframework.context.annotation.internalCommonAnnotationProcessor,marshaller,jaxb2Marshaller,org.springframework.context.annotation.ConfigurationClassPostProcessor$ImportAwareBeanPostProcessor#0]; root of factory hierarchy
 INFO [main] (Jaxb2Marshaller.java:436) - Creating JAXBContext with classes to be bound [class ru.retbansk.mail.domain.DayReport,class ru.retbansk.mail.domain.TaskReport]
 INFO [main] (XmlBeanDefinitionReader.java:315) - Loading XML bean definitions from class path resource [applicationContext.xml]
 INFO [main] (AbstractApplicationContext.java:500) - Refreshing org.springframework.context.support.GenericApplicationContext@e73995: startup date [Thu Oct 25 01:27:38 MSK 2012]; root of context hierarchy
 INFO [main] (DefaultListableBeanFactory.java:581) - Pre-instantiating singletons in org.springframework.beans.factory.support.DefaultListableBeanFactory@1022b73: defining beans [org.springframework.context.annotation.internalConfigurationAnnotationProcessor,org.springframework.context.annotation.internalAutowiredAnnotationProcessor,org.springframework.context.annotation.internalRequiredAnnotationProcessor,org.springframework.context.annotation.internalCommonAnnotationProcessor,marshaller,jaxb2Marshaller,org.springframework.context.annotation.ConfigurationClassPostProcessor$ImportAwareBeanPostProcessor#0]; root of factory hierarchy
 INFO [main] (Jaxb2Marshaller.java:436) - Creating JAXBContext with classes to be bound [class ru.retbansk.mail.domain.DayReport,class ru.retbansk.mail.domain.TaskReport]
 INFO [main] (ReadEmailAndConvertToXmlSpringImpl.java:204) - Report created - C:/XmlReports/tr-legres@rambler.ru/report.from.18.10.12.xml
 INFO [main] (ReadEmailAndConvertToXmlSpringImpl.java:204) - Report created - C:/XmlReports/kirill.iliashovitch@yandex.ru/report.from.25.10.12.xml
 INFO [main] (ReadEmailAndConvertToXmlSpringImpl.java:204) - Report created - C:/XmlReports/tr-legres@rambler.ru/report.from.24.10.12.xml
 INFO [Thread-1] (AbstractApplicationContext.java:1025) - Closing org.springframework.context.support.GenericApplicationContext@e73995: startup date [Thu Oct 25 01:27:38 MSK 2012]; root of context hierarchy
 INFO [Thread-1] (DefaultSingletonBeanRegistry.java:433) - Destroying singletons in org.springframework.beans.factory.support.DefaultListableBeanFactory@1022b73: defining beans [org.springframework.context.annotation.internalConfigurationAnnotationProcessor,org.springframework.context.annotation.internalAutowiredAnnotationProcessor,org.springframework.context.annotation.internalRequiredAnnotationProcessor,org.springframework.context.annotation.internalCommonAnnotationProcessor,marshaller,jaxb2Marshaller,org.springframework.context.annotation.ConfigurationClassPostProcessor$ImportAwareBeanPostProcessor#0]; root of factory hierarchy
